Performing C SOURCE FILE Test CMAKE_HAVE_LIBC_PTHREAD failed with the following output:
Change Dir: /home/ferramenta/Documents/3º2º/CG/CG-Project/Build/CMakeFiles/CMakeTmp

Run Build Command(s):/usr/bin/make cmTC_24fb7/fast && /usr/bin/make -f CMakeFiles/cmTC_24fb7.dir/build.make CMakeFiles/cmTC_24fb7.dir/build
make[1]: Entering directory '/home/ferramenta/Documents/3º2º/CG/CG-Project/Build/CMakeFiles/CMakeTmp'
Building C object CMakeFiles/cmTC_24fb7.dir/src.c.o
/usr/bin/cc   -DCMAKE_HAVE_LIBC_PTHREAD   -o CMakeFiles/cmTC_24fb7.dir/src.c.o   -c /home/ferramenta/Documents/3º2º/CG/CG-Project/Build/CMakeFiles/CMakeTmp/src.c
Linking C executable cmTC_24fb7
/usr/bin/cmake -E cmake_link_script CMakeFiles/cmTC_24fb7.dir/link.txt --verbose=1
/usr/bin/cc  -DCMAKE_HAVE_LIBC_PTHREAD    -rdynamic CMakeFiles/cmTC_24fb7.dir/src.c.o  -o cmTC_24fb7 
/usr/bin/ld: CMakeFiles/cmTC_24fb7.dir/src.c.o: in function `main':
src.c:(.text+0x46): undefined reference to `pthread_create'
/usr/bin/ld: src.c:(.text+0x52): undefined reference to `pthread_detach'
/usr/bin/ld: src.c:(.text+0x63): undefined reference to `pthread_join'
collect2: error: ld returned 1 exit status
make[1]: *** [CMakeFiles/cmTC_24fb7.dir/build.make:87: cmTC_24fb7] Error 1
make[1]: Leaving directory '/home/ferramenta/Documents/3º2º/CG/CG-Project/Build/CMakeFiles/CMakeTmp'
make: *** [Makefile:121: cmTC_24fb7/fast] Error 2


Source file was:
#include <pthread.h>

void* test_func(void* data)
{
  return data;
}

int main(void)
{
  pthread_t thread;
  pthread_create(&thread, NULL, test_func, NULL);
  pthread_detach(thread);
  pthread_join(thread, NULL);
  pthread_atfork(NULL, NULL, NULL);
  pthread_exit(NULL);

  return 0;
}

Determining if the function pthread_create exists in the pthreads failed with the following output:
Change Dir: /home/ferramenta/Documents/3º2º/CG/CG-Project/Build/CMakeFiles/CMakeTmp

Run Build Command(s):/usr/bin/make cmTC_c8c53/fast && /usr/bin/make -f CMakeFiles/cmTC_c8c53.dir/build.make CMakeFiles/cmTC_c8c53.dir/build
make[1]: Entering directory '/home/ferramenta/Documents/3º2º/CG/CG-Project/Build/CMakeFiles/CMakeTmp'
Building C object CMakeFiles/cmTC_c8c53.dir/CheckFunctionExists.c.o
/usr/bin/cc   -DCHECK_FUNCTION_EXISTS=pthread_create   -o CMakeFiles/cmTC_c8c53.dir/CheckFunctionExists.c.o   -c /usr/share/cmake-3.16/Modules/CheckFunctionExists.c
Linking C executable cmTC_c8c53
/usr/bin/cmake -E cmake_link_script CMakeFiles/cmTC_c8c53.dir/link.txt --verbose=1
/usr/bin/cc  -DCHECK_FUNCTION_EXISTS=pthread_create    -rdynamic CMakeFiles/cmTC_c8c53.dir/CheckFunctionExists.c.o  -o cmTC_c8c53  -lpthreads 
/usr/bin/ld: cannot find -lpthreads
collect2: error: ld returned 1 exit status
make[1]: *** [CMakeFiles/cmTC_c8c53.dir/build.make:87: cmTC_c8c53] Error 1
make[1]: Leaving directory '/home/ferramenta/Documents/3º2º/CG/CG-Project/Build/CMakeFiles/CMakeTmp'
make: *** [Makefile:121: cmTC_c8c53/fast] Error 2



Performing C SOURCE FILE Test CMAKE_HAVE_LIBC_PTHREAD failed with the following output:
Change Dir: /home/ferramenta/Documents/3º2º/CG/CG-Project/Build/CMakeFiles/CMakeTmp

Run Build Command(s):/usr/bin/make cmTC_ce869/fast && make[1]: Entering directory '/home/ferramenta/Documents/3º2º/CG/CG-Project/Build/CMakeFiles/CMakeTmp'
/usr/bin/make -f CMakeFiles/cmTC_ce869.dir/build.make CMakeFiles/cmTC_ce869.dir/build
make[2]: Entering directory '/home/ferramenta/Documents/3º2º/CG/CG-Project/Build/CMakeFiles/CMakeTmp'
Building C object CMakeFiles/cmTC_ce869.dir/src.c.o
/usr/bin/cc   -DCMAKE_HAVE_LIBC_PTHREAD   -o CMakeFiles/cmTC_ce869.dir/src.c.o   -c /home/ferramenta/Documents/3º2º/CG/CG-Project/Build/CMakeFiles/CMakeTmp/src.c
Linking C executable cmTC_ce869
/usr/bin/cmake -E cmake_link_script CMakeFiles/cmTC_ce869.dir/link.txt --verbose=1
/usr/bin/cc  -DCMAKE_HAVE_LIBC_PTHREAD    -rdynamic CMakeFiles/cmTC_ce869.dir/src.c.o  -o cmTC_ce869 
/usr/bin/ld: CMakeFiles/cmTC_ce869.dir/src.c.o: in function `main':
src.c:(.text+0x46): undefined reference to `pthread_create'
/usr/bin/ld: src.c:(.text+0x52): undefined reference to `pthread_detach'
/usr/bin/ld: src.c:(.text+0x63): undefined reference to `pthread_join'
collect2: error: ld returned 1 exit status
make[2]: *** [CMakeFiles/cmTC_ce869.dir/build.make:87: cmTC_ce869] Error 1
make[2]: Leaving directory '/home/ferramenta/Documents/3º2º/CG/CG-Project/Build/CMakeFiles/CMakeTmp'
make[1]: *** [Makefile:121: cmTC_ce869/fast] Error 2
make[1]: Leaving directory '/home/ferramenta/Documents/3º2º/CG/CG-Project/Build/CMakeFiles/CMakeTmp'


Source file was:
#include <pthread.h>

void* test_func(void* data)
{
  return data;
}

int main(void)
{
  pthread_t thread;
  pthread_create(&thread, NULL, test_func, NULL);
  pthread_detach(thread);
  pthread_join(thread, NULL);
  pthread_atfork(NULL, NULL, NULL);
  pthread_exit(NULL);

  return 0;
}

Determining if the function pthread_create exists in the pthreads failed with the following output:
Change Dir: /home/ferramenta/Documents/3º2º/CG/CG-Project/Build/CMakeFiles/CMakeTmp

Run Build Command(s):/usr/bin/make cmTC_0ffce/fast && make[1]: Entering directory '/home/ferramenta/Documents/3º2º/CG/CG-Project/Build/CMakeFiles/CMakeTmp'
/usr/bin/make -f CMakeFiles/cmTC_0ffce.dir/build.make CMakeFiles/cmTC_0ffce.dir/build
make[2]: Entering directory '/home/ferramenta/Documents/3º2º/CG/CG-Project/Build/CMakeFiles/CMakeTmp'
Building C object CMakeFiles/cmTC_0ffce.dir/CheckFunctionExists.c.o
/usr/bin/cc   -DCHECK_FUNCTION_EXISTS=pthread_create   -o CMakeFiles/cmTC_0ffce.dir/CheckFunctionExists.c.o   -c /usr/share/cmake-3.16/Modules/CheckFunctionExists.c
Linking C executable cmTC_0ffce
/usr/bin/cmake -E cmake_link_script CMakeFiles/cmTC_0ffce.dir/link.txt --verbose=1
/usr/bin/cc  -DCHECK_FUNCTION_EXISTS=pthread_create    -rdynamic CMakeFiles/cmTC_0ffce.dir/CheckFunctionExists.c.o  -o cmTC_0ffce  -lpthreads 
/usr/bin/ld: cannot find -lpthreads
collect2: error: ld returned 1 exit status
make[2]: *** [CMakeFiles/cmTC_0ffce.dir/build.make:87: cmTC_0ffce] Error 1
make[2]: Leaving directory '/home/ferramenta/Documents/3º2º/CG/CG-Project/Build/CMakeFiles/CMakeTmp'
make[1]: *** [Makefile:121: cmTC_0ffce/fast] Error 2
make[1]: Leaving directory '/home/ferramenta/Documents/3º2º/CG/CG-Project/Build/CMakeFiles/CMakeTmp'



Performing C SOURCE FILE Test CMAKE_HAVE_LIBC_PTHREAD failed with the following output:
Change Dir: /home/ferramenta/Documents/3º2º/CG/CG-Project/Build/CMakeFiles/CMakeTmp

Run Build Command(s):/usr/bin/make cmTC_6e9d8/fast && make[1]: Entering directory '/home/ferramenta/Documents/3º2º/CG/CG-Project/Build/CMakeFiles/CMakeTmp'
/usr/bin/make -f CMakeFiles/cmTC_6e9d8.dir/build.make CMakeFiles/cmTC_6e9d8.dir/build
make[2]: Entering directory '/home/ferramenta/Documents/3º2º/CG/CG-Project/Build/CMakeFiles/CMakeTmp'
Building C object CMakeFiles/cmTC_6e9d8.dir/src.c.o
/usr/bin/cc   -DCMAKE_HAVE_LIBC_PTHREAD   -o CMakeFiles/cmTC_6e9d8.dir/src.c.o   -c /home/ferramenta/Documents/3º2º/CG/CG-Project/Build/CMakeFiles/CMakeTmp/src.c
Linking C executable cmTC_6e9d8
/usr/bin/cmake -E cmake_link_script CMakeFiles/cmTC_6e9d8.dir/link.txt --verbose=1
/usr/bin/cc  -DCMAKE_HAVE_LIBC_PTHREAD    -rdynamic CMakeFiles/cmTC_6e9d8.dir/src.c.o  -o cmTC_6e9d8 
/usr/bin/ld: CMakeFiles/cmTC_6e9d8.dir/src.c.o: in function `main':
src.c:(.text+0x46): undefined reference to `pthread_create'
/usr/bin/ld: src.c:(.text+0x52): undefined reference to `pthread_detach'
/usr/bin/ld: src.c:(.text+0x63): undefined reference to `pthread_join'
collect2: error: ld returned 1 exit status
make[2]: *** [CMakeFiles/cmTC_6e9d8.dir/build.make:87: cmTC_6e9d8] Error 1
make[2]: Leaving directory '/home/ferramenta/Documents/3º2º/CG/CG-Project/Build/CMakeFiles/CMakeTmp'
make[1]: *** [Makefile:121: cmTC_6e9d8/fast] Error 2
make[1]: Leaving directory '/home/ferramenta/Documents/3º2º/CG/CG-Project/Build/CMakeFiles/CMakeTmp'


Source file was:
#include <pthread.h>

void* test_func(void* data)
{
  return data;
}

int main(void)
{
  pthread_t thread;
  pthread_create(&thread, NULL, test_func, NULL);
  pthread_detach(thread);
  pthread_join(thread, NULL);
  pthread_atfork(NULL, NULL, NULL);
  pthread_exit(NULL);

  return 0;
}

Determining if the function pthread_create exists in the pthreads failed with the following output:
Change Dir: /home/ferramenta/Documents/3º2º/CG/CG-Project/Build/CMakeFiles/CMakeTmp

Run Build Command(s):/usr/bin/make cmTC_06e17/fast && make[1]: Entering directory '/home/ferramenta/Documents/3º2º/CG/CG-Project/Build/CMakeFiles/CMakeTmp'
/usr/bin/make -f CMakeFiles/cmTC_06e17.dir/build.make CMakeFiles/cmTC_06e17.dir/build
make[2]: Entering directory '/home/ferramenta/Documents/3º2º/CG/CG-Project/Build/CMakeFiles/CMakeTmp'
Building C object CMakeFiles/cmTC_06e17.dir/CheckFunctionExists.c.o
/usr/bin/cc   -DCHECK_FUNCTION_EXISTS=pthread_create   -o CMakeFiles/cmTC_06e17.dir/CheckFunctionExists.c.o   -c /usr/share/cmake-3.16/Modules/CheckFunctionExists.c
Linking C executable cmTC_06e17
/usr/bin/cmake -E cmake_link_script CMakeFiles/cmTC_06e17.dir/link.txt --verbose=1
/usr/bin/cc  -DCHECK_FUNCTION_EXISTS=pthread_create    -rdynamic CMakeFiles/cmTC_06e17.dir/CheckFunctionExists.c.o  -o cmTC_06e17  -lpthreads 
/usr/bin/ld: cannot find -lpthreads
collect2: error: ld returned 1 exit status
make[2]: *** [CMakeFiles/cmTC_06e17.dir/build.make:87: cmTC_06e17] Error 1
make[2]: Leaving directory '/home/ferramenta/Documents/3º2º/CG/CG-Project/Build/CMakeFiles/CMakeTmp'
make[1]: *** [Makefile:121: cmTC_06e17/fast] Error 2
make[1]: Leaving directory '/home/ferramenta/Documents/3º2º/CG/CG-Project/Build/CMakeFiles/CMakeTmp'



Performing C SOURCE FILE Test CMAKE_HAVE_LIBC_PTHREAD failed with the following output:
Change Dir: /home/ferramenta/Documents/3º2º/CG/CG-Project/Build/CMakeFiles/CMakeTmp

Run Build Command(s):/usr/bin/make cmTC_886fe/fast && make[1]: Entering directory '/home/ferramenta/Documents/3º2º/CG/CG-Project/Build/CMakeFiles/CMakeTmp'
/usr/bin/make -f CMakeFiles/cmTC_886fe.dir/build.make CMakeFiles/cmTC_886fe.dir/build
make[2]: Entering directory '/home/ferramenta/Documents/3º2º/CG/CG-Project/Build/CMakeFiles/CMakeTmp'
Building C object CMakeFiles/cmTC_886fe.dir/src.c.o
/usr/bin/cc   -DCMAKE_HAVE_LIBC_PTHREAD   -o CMakeFiles/cmTC_886fe.dir/src.c.o   -c /home/ferramenta/Documents/3º2º/CG/CG-Project/Build/CMakeFiles/CMakeTmp/src.c
Linking C executable cmTC_886fe
/usr/bin/cmake -E cmake_link_script CMakeFiles/cmTC_886fe.dir/link.txt --verbose=1
/usr/bin/cc  -DCMAKE_HAVE_LIBC_PTHREAD    -rdynamic CMakeFiles/cmTC_886fe.dir/src.c.o  -o cmTC_886fe 
/usr/bin/ld: CMakeFiles/cmTC_886fe.dir/src.c.o: in function `main':
src.c:(.text+0x46): undefined reference to `pthread_create'
/usr/bin/ld: src.c:(.text+0x52): undefined reference to `pthread_detach'
/usr/bin/ld: src.c:(.text+0x63): undefined reference to `pthread_join'
collect2: error: ld returned 1 exit status
make[2]: *** [CMakeFiles/cmTC_886fe.dir/build.make:87: cmTC_886fe] Error 1
make[2]: Leaving directory '/home/ferramenta/Documents/3º2º/CG/CG-Project/Build/CMakeFiles/CMakeTmp'
make[1]: *** [Makefile:121: cmTC_886fe/fast] Error 2
make[1]: Leaving directory '/home/ferramenta/Documents/3º2º/CG/CG-Project/Build/CMakeFiles/CMakeTmp'


Source file was:
#include <pthread.h>

void* test_func(void* data)
{
  return data;
}

int main(void)
{
  pthread_t thread;
  pthread_create(&thread, NULL, test_func, NULL);
  pthread_detach(thread);
  pthread_join(thread, NULL);
  pthread_atfork(NULL, NULL, NULL);
  pthread_exit(NULL);

  return 0;
}

Determining if the function pthread_create exists in the pthreads failed with the following output:
Change Dir: /home/ferramenta/Documents/3º2º/CG/CG-Project/Build/CMakeFiles/CMakeTmp

Run Build Command(s):/usr/bin/make cmTC_c25a5/fast && make[1]: Entering directory '/home/ferramenta/Documents/3º2º/CG/CG-Project/Build/CMakeFiles/CMakeTmp'
/usr/bin/make -f CMakeFiles/cmTC_c25a5.dir/build.make CMakeFiles/cmTC_c25a5.dir/build
make[2]: Entering directory '/home/ferramenta/Documents/3º2º/CG/CG-Project/Build/CMakeFiles/CMakeTmp'
Building C object CMakeFiles/cmTC_c25a5.dir/CheckFunctionExists.c.o
/usr/bin/cc   -DCHECK_FUNCTION_EXISTS=pthread_create   -o CMakeFiles/cmTC_c25a5.dir/CheckFunctionExists.c.o   -c /usr/share/cmake-3.16/Modules/CheckFunctionExists.c
Linking C executable cmTC_c25a5
/usr/bin/cmake -E cmake_link_script CMakeFiles/cmTC_c25a5.dir/link.txt --verbose=1
/usr/bin/cc  -DCHECK_FUNCTION_EXISTS=pthread_create    -rdynamic CMakeFiles/cmTC_c25a5.dir/CheckFunctionExists.c.o  -o cmTC_c25a5  -lpthreads 
/usr/bin/ld: cannot find -lpthreads
collect2: error: ld returned 1 exit status
make[2]: *** [CMakeFiles/cmTC_c25a5.dir/build.make:87: cmTC_c25a5] Error 1
make[2]: Leaving directory '/home/ferramenta/Documents/3º2º/CG/CG-Project/Build/CMakeFiles/CMakeTmp'
make[1]: *** [Makefile:121: cmTC_c25a5/fast] Error 2
make[1]: Leaving directory '/home/ferramenta/Documents/3º2º/CG/CG-Project/Build/CMakeFiles/CMakeTmp'



Performing C SOURCE FILE Test CMAKE_HAVE_LIBC_PTHREAD failed with the following output:
Change Dir: /home/ferramenta/Documents/3º2º/CG/CG-Project/Build/CMakeFiles/CMakeTmp

Run Build Command(s):/usr/bin/make cmTC_7e447/fast && make[1]: Entering directory '/home/ferramenta/Documents/3º2º/CG/CG-Project/Build/CMakeFiles/CMakeTmp'
/usr/bin/make -f CMakeFiles/cmTC_7e447.dir/build.make CMakeFiles/cmTC_7e447.dir/build
make[2]: Entering directory '/home/ferramenta/Documents/3º2º/CG/CG-Project/Build/CMakeFiles/CMakeTmp'
Building C object CMakeFiles/cmTC_7e447.dir/src.c.o
/usr/bin/cc   -DCMAKE_HAVE_LIBC_PTHREAD   -o CMakeFiles/cmTC_7e447.dir/src.c.o   -c /home/ferramenta/Documents/3º2º/CG/CG-Project/Build/CMakeFiles/CMakeTmp/src.c
Linking C executable cmTC_7e447
/usr/bin/cmake -E cmake_link_script CMakeFiles/cmTC_7e447.dir/link.txt --verbose=1
/usr/bin/cc  -DCMAKE_HAVE_LIBC_PTHREAD    -rdynamic CMakeFiles/cmTC_7e447.dir/src.c.o  -o cmTC_7e447 
/usr/bin/ld: CMakeFiles/cmTC_7e447.dir/src.c.o: in function `main':
src.c:(.text+0x46): undefined reference to `pthread_create'
/usr/bin/ld: src.c:(.text+0x52): undefined reference to `pthread_detach'
/usr/bin/ld: src.c:(.text+0x63): undefined reference to `pthread_join'
collect2: error: ld returned 1 exit status
make[2]: *** [CMakeFiles/cmTC_7e447.dir/build.make:87: cmTC_7e447] Error 1
make[2]: Leaving directory '/home/ferramenta/Documents/3º2º/CG/CG-Project/Build/CMakeFiles/CMakeTmp'
make[1]: *** [Makefile:121: cmTC_7e447/fast] Error 2
make[1]: Leaving directory '/home/ferramenta/Documents/3º2º/CG/CG-Project/Build/CMakeFiles/CMakeTmp'


Source file was:
#include <pthread.h>

void* test_func(void* data)
{
  return data;
}

int main(void)
{
  pthread_t thread;
  pthread_create(&thread, NULL, test_func, NULL);
  pthread_detach(thread);
  pthread_join(thread, NULL);
  pthread_atfork(NULL, NULL, NULL);
  pthread_exit(NULL);

  return 0;
}

Determining if the function pthread_create exists in the pthreads failed with the following output:
Change Dir: /home/ferramenta/Documents/3º2º/CG/CG-Project/Build/CMakeFiles/CMakeTmp

Run Build Command(s):/usr/bin/make cmTC_84b80/fast && make[1]: Entering directory '/home/ferramenta/Documents/3º2º/CG/CG-Project/Build/CMakeFiles/CMakeTmp'
/usr/bin/make -f CMakeFiles/cmTC_84b80.dir/build.make CMakeFiles/cmTC_84b80.dir/build
make[2]: Entering directory '/home/ferramenta/Documents/3º2º/CG/CG-Project/Build/CMakeFiles/CMakeTmp'
Building C object CMakeFiles/cmTC_84b80.dir/CheckFunctionExists.c.o
/usr/bin/cc   -DCHECK_FUNCTION_EXISTS=pthread_create   -o CMakeFiles/cmTC_84b80.dir/CheckFunctionExists.c.o   -c /usr/share/cmake-3.16/Modules/CheckFunctionExists.c
Linking C executable cmTC_84b80
/usr/bin/cmake -E cmake_link_script CMakeFiles/cmTC_84b80.dir/link.txt --verbose=1
/usr/bin/cc  -DCHECK_FUNCTION_EXISTS=pthread_create    -rdynamic CMakeFiles/cmTC_84b80.dir/CheckFunctionExists.c.o  -o cmTC_84b80  -lpthreads 
/usr/bin/ld: cannot find -lpthreads
collect2: error: ld returned 1 exit status
make[2]: *** [CMakeFiles/cmTC_84b80.dir/build.make:87: cmTC_84b80] Error 1
make[2]: Leaving directory '/home/ferramenta/Documents/3º2º/CG/CG-Project/Build/CMakeFiles/CMakeTmp'
make[1]: *** [Makefile:121: cmTC_84b80/fast] Error 2
make[1]: Leaving directory '/home/ferramenta/Documents/3º2º/CG/CG-Project/Build/CMakeFiles/CMakeTmp'



Performing C SOURCE FILE Test CMAKE_HAVE_LIBC_PTHREAD failed with the following output:
Change Dir: /home/ferramenta/Documents/3º2º/CG/CG-Project/Build/CMakeFiles/CMakeTmp

Run Build Command(s):/usr/bin/make cmTC_92408/fast && make[1]: Entering directory '/home/ferramenta/Documents/3º2º/CG/CG-Project/Build/CMakeFiles/CMakeTmp'
/usr/bin/make -f CMakeFiles/cmTC_92408.dir/build.make CMakeFiles/cmTC_92408.dir/build
make[2]: Entering directory '/home/ferramenta/Documents/3º2º/CG/CG-Project/Build/CMakeFiles/CMakeTmp'
Building C object CMakeFiles/cmTC_92408.dir/src.c.o
/usr/bin/cc   -DCMAKE_HAVE_LIBC_PTHREAD   -o CMakeFiles/cmTC_92408.dir/src.c.o   -c /home/ferramenta/Documents/3º2º/CG/CG-Project/Build/CMakeFiles/CMakeTmp/src.c
Linking C executable cmTC_92408
/usr/bin/cmake -E cmake_link_script CMakeFiles/cmTC_92408.dir/link.txt --verbose=1
/usr/bin/cc  -DCMAKE_HAVE_LIBC_PTHREAD    -rdynamic CMakeFiles/cmTC_92408.dir/src.c.o  -o cmTC_92408 
/usr/bin/ld: CMakeFiles/cmTC_92408.dir/src.c.o: in function `main':
src.c:(.text+0x46): undefined reference to `pthread_create'
/usr/bin/ld: src.c:(.text+0x52): undefined reference to `pthread_detach'
/usr/bin/ld: src.c:(.text+0x63): undefined reference to `pthread_join'
collect2: error: ld returned 1 exit status
make[2]: *** [CMakeFiles/cmTC_92408.dir/build.make:87: cmTC_92408] Error 1
make[2]: Leaving directory '/home/ferramenta/Documents/3º2º/CG/CG-Project/Build/CMakeFiles/CMakeTmp'
make[1]: *** [Makefile:121: cmTC_92408/fast] Error 2
make[1]: Leaving directory '/home/ferramenta/Documents/3º2º/CG/CG-Project/Build/CMakeFiles/CMakeTmp'


Source file was:
#include <pthread.h>

void* test_func(void* data)
{
  return data;
}

int main(void)
{
  pthread_t thread;
  pthread_create(&thread, NULL, test_func, NULL);
  pthread_detach(thread);
  pthread_join(thread, NULL);
  pthread_atfork(NULL, NULL, NULL);
  pthread_exit(NULL);

  return 0;
}

Determining if the function pthread_create exists in the pthreads failed with the following output:
Change Dir: /home/ferramenta/Documents/3º2º/CG/CG-Project/Build/CMakeFiles/CMakeTmp

Run Build Command(s):/usr/bin/make cmTC_53617/fast && make[1]: Entering directory '/home/ferramenta/Documents/3º2º/CG/CG-Project/Build/CMakeFiles/CMakeTmp'
/usr/bin/make -f CMakeFiles/cmTC_53617.dir/build.make CMakeFiles/cmTC_53617.dir/build
make[2]: Entering directory '/home/ferramenta/Documents/3º2º/CG/CG-Project/Build/CMakeFiles/CMakeTmp'
Building C object CMakeFiles/cmTC_53617.dir/CheckFunctionExists.c.o
/usr/bin/cc   -DCHECK_FUNCTION_EXISTS=pthread_create   -o CMakeFiles/cmTC_53617.dir/CheckFunctionExists.c.o   -c /usr/share/cmake-3.16/Modules/CheckFunctionExists.c
Linking C executable cmTC_53617
/usr/bin/cmake -E cmake_link_script CMakeFiles/cmTC_53617.dir/link.txt --verbose=1
/usr/bin/cc  -DCHECK_FUNCTION_EXISTS=pthread_create    -rdynamic CMakeFiles/cmTC_53617.dir/CheckFunctionExists.c.o  -o cmTC_53617  -lpthreads 
/usr/bin/ld: cannot find -lpthreads
collect2: error: ld returned 1 exit status
make[2]: *** [CMakeFiles/cmTC_53617.dir/build.make:87: cmTC_53617] Error 1
make[2]: Leaving directory '/home/ferramenta/Documents/3º2º/CG/CG-Project/Build/CMakeFiles/CMakeTmp'
make[1]: *** [Makefile:121: cmTC_53617/fast] Error 2
make[1]: Leaving directory '/home/ferramenta/Documents/3º2º/CG/CG-Project/Build/CMakeFiles/CMakeTmp'



